-------------------------------------------------------------------------------
Test set: es.deusto.spq.server.ResourceIntegrationTest
-------------------------------------------------------------------------------
Tests run: 2, Failures: 0, Errors: 2, Skipped: 0, Time elapsed: 15.403 sec <<< FAILURE! - in es.deusto.spq.server.ResourceIntegrationTest
testRegisterWithError(es.deusto.spq.server.ResourceIntegrationTest)  Time elapsed: 10.448 sec  <<< ERROR!
javax.ws.rs.ProcessingException: java.net.ConnectException: Connection refused: connect
	at es.deusto.spq.server.ResourceIntegrationTest.testRegisterWithError(ResourceIntegrationTest.java:93)
Caused by: java.net.ConnectException: Connection refused: connect
	at es.deusto.spq.server.ResourceIntegrationTest.testRegisterWithError(ResourceIntegrationTest.java:93)

testLoginWithError(es.deusto.spq.server.ResourceIntegrationTest)  Time elapsed: 4.204 sec  <<< ERROR!
javax.ws.rs.ProcessingException: java.net.ConnectException: Connection refused: connect
	at es.deusto.spq.server.ResourceIntegrationTest.testLoginWithError(ResourceIntegrationTest.java:80)
Caused by: java.net.ConnectException: Connection refused: connect
	at es.deusto.spq.server.ResourceIntegrationTest.testLoginWithError(ResourceIntegrationTest.java:80)

