<?xml version="1.0" encoding="UTF-8"?>
<testsuite xmlns:xsi="http://www.w3.org/2001/XMLSchema-instance" xsi:schemaLocation="https://maven.apache.org/surefire/maven-surefire-plugin/xsd/surefire-test-report.xsd" name="es.deusto.spq.server.GuestTest" time="0.001" tests="12" errors="0" skipped="0" failures="0">
  <properties>
[...]
</properties>
  <testcase name="testGetCityOfProvenance" classname="es.deusto.spq.server.GuestTest" time="0"/>
  <testcase name="testGetSurname" classname="es.deusto.spq.server.GuestTest" time="0"/>
  <testcase name="testToString" classname="es.deusto.spq.server.GuestTest" time="0"/>
  <testcase name="testGetName" classname="es.deusto.spq.server.GuestTest" time="0"/>
  <testcase name="testSetSurname" classname="es.deusto.spq.server.GuestTest" time="0"/>
  <testcase name="testSetCityOfProvenance" classname="es.deusto.spq.server.GuestTest" time="0"/>
  <testcase name="testEquals" classname="es.deusto.spq.server.GuestTest" time="0.001"/>
  <testcase name="testGetAge" classname="es.deusto.spq.server.GuestTest" time="0"/>
  <testcase name="testGetDni" classname="es.deusto.spq.server.GuestTest" time="0"/>
  <testcase name="testSetName" classname="es.deusto.spq.server.GuestTest" time="0"/>
  <testcase name="testSetAge" classname="es.deusto.spq.server.GuestTest" time="0"/>
  <testcase name="testSetDni" classname="es.deusto.spq.server.GuestTest" time="0"/>
</testsuite>